Таблица лексем:

0	tfi[0F](ti[1P]){
1	dtfi[2DF](ti[3DFP],ti[4DFP]);
2	i[1P]=i[2DF](i[1P],l("GRD-2021"));
3	pi[1P];
4	ri[1P];
5	};
6	tfi[6F](ti[7P],ti[8P]){
7	1(i[7P]<l(0b)){
8	pl("a < 0 ");
9	}
10	2{
11	pl("a >= 0 ");
12	}
13	i[7P]=(i[7P]+i[8P]+l(1b));
14	
15	ri[7P];
16	};
17	m[13F]{
18	dti[14V];
19	dti[15V];
20	dtfi[16DF](ti[17DFP],ti[18DFP]);
21	dtfi[19DF](ti[20DFP]);
22	i[14V]=i[19DF](l(10000110b));
23	i[15V]=i[16DF](i[14V],l(0b))-l(1010b);
24	pi[14V];
25	pi[15V];
26	i[15V]=i[6F](i[15V],l(1b));
27	w(i[14V]<i[15V]){
28	i[14V]=i[14V]+l(1b);
29	}
30	pi[14V];
31	pi[15V];
32	dti[26V];
33	i[26V]=
34	i[0F](l(".tsrif"));
35	pi[26V];
36	rl(0b);
37	};
Таблица идентификаторов:
0: -1/first(sF) : 0
1: 0/a(sP) : 0
2: 0/strcat(sDF) : 1
3: 0/a(sDFP) : 1
4: 0/b(sDFP) : 1
5: 0/!literal(sL = "GRD-2021") : 2
6: -1/second(bF) : 6
7: 6/a(bP) : 6
8: 6/b(bP) : 6
9: 6/!literal(bL = 0b) : 7
10: 6/!literal(sL = "a < 0 ") : 8
11: 6/!literal(sL = "a >= 0 ") : 11
12: 6/!literal(bL = 1b) : 13
13: -1/!major(nF) : 17
14: 13/y(bV) : 18
15: 13/x(bV) : 19
16: 13/pow(bDF) : 20
17: 13/a(bDFP) : 20
18: 13/b(bDFP) : 20
19: 13/abs(bDF) : 21
20: 13/a(bDFP) : 21
21: 13/!literal(bL = 10000110b) : 22
22: 13/!literal(bL = 0b) : 23
23: 13/!literal(bL = 1010b) : 23
24: 13/!literal(bL = 1b) : 26
25: 13/!literal(bL = 1b) : 28
26: 13/a(sV) : 32
27: 13/!literal(sL = ".tsrif") : 34
28: 13/!literal(bL = 0b) : 36

Дерево разбора:
0   : S->tfi(F){N};S      0   
4   : F->ti               1   
8   : N->dtfi(F);N        2   
13  : F->ti,F             3   
16  : F->ti               4   
20  : N->i=E;N            5   
22  : E->i(W)             6   
24  : W->i,W              7   
26  : W->l                8   
29  : N->pE;N             9   
30  : E->i                10  
32  : N->rE;              11  
33  : E->i                12  
37  : S->tfi(F){N};S      13  
41  : F->ti,F             14  
44  : F->ti               15  
48  : N->1(C){N}2{N}N     16  
50  : C->i<l              17  
55  : N->pE;              18  
56  : E->l                19  
61  : N->pE;              20  
62  : E->l                21  
65  : N->i=E;N            22  
67  : E->(E)              23  
68  : E->iM               24  
69  : M->+E               25  
70  : E->iM               26  
71  : M->+E               27  
72  : E->l                28  
75  : N->rE;              29  
76  : E->i                30  
80  : S->m{N};            31  
82  : N->dti;N            32  
86  : N->dti;N            33  
90  : N->dtfi(F);N        34  
95  : F->ti,F             35  
98  : F->ti               36  
102 : N->dtfi(F);N        37  
107 : F->ti               38  
111 : N->i=E;N            39  
113 : E->i(W)             40  
115 : W->l                41  
118 : N->i=E;N            42  
120 : E->i(W)M            43  
122 : W->i,W              44  
124 : W->l                45  
126 : M->-E               46  
127 : E->l                47  
129 : N->pE;N             48  
130 : E->i                49  
132 : N->pE;N             50  
133 : E->i                51  
135 : N->i=E;N            52  
137 : E->i(W)             53  
139 : W->i,W              54  
141 : W->l                55  
144 : N->w(C){N}N         56  
146 : C->i<i              57  
151 : N->i=E;             58  
153 : E->iM               59  
154 : M->+E               60  
155 : E->l                61  
158 : N->pE;N             62  
159 : E->i                63  
161 : N->pE;N             64  
162 : E->i                65  
164 : N->dti;N            66  
168 : N->i=E;N            67  
170 : E->i(W)             68  
172 : W->l                69  
175 : N->pE;N             70  
176 : E->i                71  
178 : N->rE;              72  
179 : E->l                73  
